Unity Editor version:    2020.3.22f1 (e1a7f79fd887)
Branch:                  2020.3/staging
Build type:              Release
Batch mode:              YES
macOS version:           Version 12.4 (Build 21F5071b)
Darwin version:          21.5.0
Architecture:            x86_64
Running under Rosetta:   YES
Available memory:        16384 MB
Using pre-set license
Pro License: NO

COMMAND LINE ARGUMENTS:
/Applications/Unity/Hub/Editor/2020.3.22f1/Unity.app/Contents/MacOS/Unity
-adb2
-batchMode
-noUpm
-name
AssetImportWorker0
-projectPath
/Users/mehul/Documents/GitHub/3-D-Bounce-Game
-logFile
Logs/AssetImportWorker0.log
-srvPort
57890
Successfully changed project path to: /Users/mehul/Documents/GitHub/3-D-Bounce-Game
/Users/mehul/Documents/GitHub/3-D-Bounce-Game
Using Asset Import Pipeline V2.
Refreshing native plugins compatible for Editor in 40.63 ms, found 2 plugins.
Preloading 0 native plugins for Editor in 0.00 ms.
Initialize engine version: 2020.3.22f1 (e1a7f79fd887)
[Subsystems] Discovering subsystems at path /Applications/Unity/Hub/Editor/2020.3.22f1/Unity.app/Contents/Resources/UnitySubsystems
[Subsystems] Discovering subsystems at path /Users/mehul/Documents/GitHub/3-D-Bounce-Game/Assets
GfxDevice: creating device client; threaded=0
2022-05-24 14:29:53.206 Unity[35418:2203770] (null) preferred device: Apple M1 Pro (high power)
2022-05-24 14:29:53.206 Unity[35418:2203770] Metal devices available: 1
2022-05-24 14:29:53.206 Unity[35418:2203770] 0: Apple M1 Pro (high power)
2022-05-24 14:29:53.206 Unity[35418:2203770] Using device Apple M1 Pro (high power)
Initializing Metal device caps: Apple M1 Pro
Initialize mono
Mono path[0] = '/Applications/Unity/Hub/Editor/2020.3.22f1/Unity.app/Contents/Managed'
Mono path[1] = '/Applications/Unity/Hub/Editor/2020.3.22f1/Unity.app/Contents/MonoBleedingEdge/lib/mono/unityjit'
Mono config path = '/Applications/Unity/Hub/Editor/2020.3.22f1/Unity.app/Contents/MonoBleedingEdge/etc'
Using monoOptions --debugger-agent=transport=dt_socket,embedding=1,server=y,suspend=n,address=127.0.0.1:56418
Begin MonoManager ReloadAssembly
Registering precompiled unity dll's ...
Register platform support module: /Applications/Unity/Hub/Editor/2020.3.22f1/PlaybackEngines/WebGLSupport/UnityEditor.WebGL.Extensions.dll
Register platform support module: /Applications/Unity/Hub/Editor/2020.3.22f1/Unity.app/Contents/PlaybackEngines/MacStandaloneSupport/UnityEditor.OSXStandalone.Extensions.dll
Registered in 0.001937 seconds.
Native extension for OSXStandalone target not found
Native extension for WebGL target not found
Refreshing native plugins compatible for Editor in 31.25 ms, found 2 plugins.
Preloading 0 native plugins for Editor in 0.00 ms.
Mono: successfully reloaded assembly
- Completed reload, in  2.118 seconds
Domain Reload Profiling:
	ReloadAssembly (2118ms)
		BeginReloadAssembly (94ms)
			ExecutionOrderSort (0ms)
			DisableScriptedObjects (0ms)
			BackupInstance (0ms)
			ReleaseScriptingObjects (0ms)
			CreateAndSetChildDomain (5ms)
		EndReloadAssembly (1020ms)
			LoadAssemblies (90ms)
			RebuildTransferFunctionScriptingTraits (0ms)
			SetupTypeCache (182ms)
			ReleaseScriptCaches (0ms)
			RebuildScriptCaches (44ms)
			SetupLoadedEditorAssemblies (493ms)
				LogAssemblyErrors (0ms)
				InitializePlatformSupportModulesInManaged (12ms)
				SetLoadedEditorAssemblies (0ms)
				RefreshPlugins (31ms)
				BeforeProcessingInitializeOnLoad (24ms)
				ProcessInitializeOnLoadAttributes (314ms)
				ProcessInitializeOnLoadMethodAttributes (110ms)
				AfterProcessingInitializeOnLoad (0ms)
				EditorAssembliesLoaded (1ms)
			ExecutionOrderSort2 (0ms)
			AwakeInstancesAfterBackupRestoration (0ms)
Platform modules already initialized, skipping
Registering precompiled user dll's ...
Registered in 0.004457 seconds.
Begin MonoManager ReloadAssembly
Native extension for OSXStandalone target not found
Native extension for WebGL target not found
Refreshing native plugins compatible for Editor in 0.36 ms, found 2 plugins.
Preloading 0 native plugins for Editor in 0.00 ms.
Mono: successfully reloaded assembly
- Completed reload, in  2.281 seconds
Domain Reload Profiling:
	ReloadAssembly (2282ms)
		BeginReloadAssembly (243ms)
			ExecutionOrderSort (0ms)
			DisableScriptedObjects (28ms)
			BackupInstance (0ms)
			ReleaseScriptingObjects (0ms)
			CreateAndSetChildDomain (32ms)
		EndReloadAssembly (1949ms)
			LoadAssemblies (185ms)
			RebuildTransferFunctionScriptingTraits (0ms)
			SetupTypeCache (333ms)
			ReleaseScriptCaches (0ms)
			RebuildScriptCaches (50ms)
			SetupLoadedEditorAssemblies (1129ms)
				LogAssemblyErrors (0ms)
				InitializePlatformSupportModulesInManaged (15ms)
				SetLoadedEditorAssemblies (1ms)
				RefreshPlugins (0ms)
				BeforeProcessingInitializeOnLoad (109ms)
				ProcessInitializeOnLoadAttributes (973ms)
				ProcessInitializeOnLoadMethodAttributes (29ms)
				AfterProcessingInitializeOnLoad (1ms)
				EditorAssembliesLoaded (0ms)
			ExecutionOrderSort2 (0ms)
			AwakeInstancesAfterBackupRestoration (30ms)
Platform modules already initialized, skipping
Validating Project structure ... 0.001108 seconds.
Shader import version has changed; will reimport all shaders...
Upgrading shader files ...0.001160 seconds.
Application.AssetDatabase Initial Script Refresh Start
RefreshInfo: InitialScriptRefreshV2(NoUpdateAssetOptions) scanfilter:  ... 1 filters
RefreshProfiler: Total: 0.000ms
Application.AssetDatabase Initial Script Refresh End
Application.AssetDatabase.Refresh Start
Application.AssetDatabase.Refresh End
RefreshInfo: StopAssetImportingV2(ForceSynchronousImport) scanfilter: 
RefreshProfiler: Total: 0.000ms
Launching external process: /Applications/Unity/Hub/Editor/2020.3.22f1/Unity.app/Contents/Tools/UnityShaderCompiler
Launched and connected shader compiler UnityShaderCompiler after 0.02 seconds
Initializing Unity extensions:
[C# Project] Writing /Users/mehul/Documents/GitHub/3-D-Bounce-Game/3-D-Bounce-Game.sln because it has changed
[C# Project] First difference on line 4

[C# Project] Current /Users/mehul/Documents/GitHub/3-D-Bounce-Game/3-D-Bounce-Game.sln:
[C# Project]   004: Project("{FAE04EC0-301F-11D3-BF4B-00C04F79EFBC}") = "Assembly-CSharp", "Assembly-CSharp.csproj", "{97176749-5939-94DB-CFB7-9295855DEC5A}"
[C# Project]   005: EndProject
[C# Project]   006: Global
[C# Project]   007: 	GlobalSection(SolutionConfigurationPlatforms) = preSolution
[C# Project]   008: 		Debug|Any CPU = Debug|Any CPU

[C# Project] New /Users/mehul/Documents/GitHub/3-D-Bounce-Game/3-D-Bounce-Game.sln:
[C# Project]   004: Project("{FAE04EC0-301F-11D3-BF4B-00C04F79EFBC}") = "UnityEngine.TestRunner", "UnityEngine.TestRunner.csproj", "{BA60373B-2E72-60C4-5784-CA42206CBA70}"
[C# Project]   005: EndProject
[C# Project]   006: Project("{FAE04EC0-301F-11D3-BF4B-00C04F79EFBC}") = "Assembly-CSharp", "Assembly-CSharp.csproj", "{97176749-5939-94DB-CFB7-9295855DEC5A}"
[C# Project]   007: EndProject
[C# Project]   008: Project("{FAE04EC0-301F-11D3-BF4B-00C04F79EFBC}") = "UnityEngine.UI.Tests", "UnityEngine.UI.Tests.csproj", "{A86D4AC2-A6E5-3033-04E0-CCDE17688455}"
[C# Project] Writing /Users/mehul/Documents/GitHub/3-D-Bounce-Game/UnityEngine.TestRunner.csproj because it has changed
[C# Project] First difference on line 5

[C# Project] Current /Users/mehul/Documents/GitHub/3-D-Bounce-Game/UnityEngine.TestRunner.csproj:
[C# Project]   005:     <CscToolPath>/Applications/Unity/Hub/Editor/2020.3.20f1/Unity.app/Contents/Tools/RoslynScripts</CscToolPath>
[C# Project]   006:     <CscToolExe>unity_csc.sh</CscToolExe>
[C# Project]   007:   </PropertyGroup>
[C# Project]   008:   <PropertyGroup>
[C# Project]   009:     <Configuration Condition=" '$(Configuration)' == '' ">Debug</Configuration>

[C# Project] New /Users/mehul/Documents/GitHub/3-D-Bounce-Game/UnityEngine.TestRunner.csproj:
[C# Project]   005:     <CscToolPath>/Applications/Unity/Hub/Editor/2020.3.22f1/Unity.app/Contents/Tools/RoslynScripts</CscToolPath>
[C# Project]   006:     <CscToolExe>unity_csc.sh</CscToolExe>
[C# Project]   007:   </PropertyGroup>
[C# Project]   008:   <PropertyGroup>
[C# Project]   009:     <Configuration Condition=" '$(Configuration)' == '' ">Debug</Configuration>
[C# Project] Writing /Users/mehul/Documents/GitHub/3-D-Bounce-Game/Assembly-CSharp.csproj because it has changed
[C# Project] First difference on line 52

[C# Project] Current /Users/mehul/Documents/GitHub/3-D-Bounce-Game/Assembly-CSharp.csproj:
[C# Project]   052:      <Compile Include="Assets\reset.cs" />
[C# Project]   053:  <Reference Include="UnityEngine">
[C# Project]   054:  <HintPath>/Applications/Unity/Hub/Editor/2020.3.22f1/Unity.app/Contents/Managed/UnityEngine/UnityEngine.dll</HintPath>
[C# Project]   055:  </Reference>
[C# Project]   056:  <Reference Include="UnityEngine.AIModule">

[C# Project] New /Users/mehul/Documents/GitHub/3-D-Bounce-Game/Assembly-CSharp.csproj:
[C# Project]   052:      <Compile Include="Assets\HelloWorld.cs" />
[C# Project]   053:      <Compile Include="Assets\reset.cs" />
[C# Project]   054:  <Reference Include="UnityEngine">
[C# Project]   055:  <HintPath>/Applications/Unity/Hub/Editor/2020.3.22f1/Unity.app/Contents/Managed/UnityEngine/UnityEngine.dll</HintPath>
[C# Project]   056:  </Reference>
[C# Project] Writing /Users/mehul/Documents/GitHub/3-D-Bounce-Game/UnityEngine.UI.Tests.csproj because it has changed
[C# Project] First difference on line 5

[C# Project] Current /Users/mehul/Documents/GitHub/3-D-Bounce-Game/UnityEngine.UI.Tests.csproj:
[C# Project]   005:     <CscToolPath>/Applications/Unity/Hub/Editor/2020.3.20f1/Unity.app/Contents/Tools/RoslynScripts</CscToolPath>
[C# Project]   006:     <CscToolExe>unity_csc.sh</CscToolExe>
[C# Project]   007:   </PropertyGroup>
[C# Project]   008:   <PropertyGroup>
[C# Project]   009:     <Configuration Condition=" '$(Configuration)' == '' ">Debug</Configuration>

[C# Project] New /Users/mehul/Documents/GitHub/3-D-Bounce-Game/UnityEngine.UI.Tests.csproj:
[C# Project]   005:     <CscToolPath>/Applications/Unity/Hub/Editor/2020.3.22f1/Unity.app/Contents/Tools/RoslynScripts</CscToolPath>
[C# Project]   006:     <CscToolExe>unity_csc.sh</CscToolExe>
[C# Project]   007:   </PropertyGroup>
[C# Project]   008:   <PropertyGroup>
[C# Project]   009:     <Configuration Condition=" '$(Configuration)' == '' ">Debug</Configuration>
[C# Project] Writing /Users/mehul/Documents/GitHub/3-D-Bounce-Game/Unity.Timeline.csproj because it has changed
[C# Project] First difference on line 5

[C# Project] Current /Users/mehul/Documents/GitHub/3-D-Bounce-Game/Unity.Timeline.csproj:
[C# Project]   005:     <CscToolPath>/Applications/Unity/Hub/Editor/2020.3.20f1/Unity.app/Contents/Tools/RoslynScripts</CscToolPath>
[C# Project]   006:     <CscToolExe>unity_csc.sh</CscToolExe>
[C# Project]   007:   </PropertyGroup>
[C# Project]   008:   <PropertyGroup>
[C# Project]   009:     <Configuration Condition=" '$(Configuration)' == '' ">Debug</Configuration>

[C# Project] New /Users/mehul/Documents/GitHub/3-D-Bounce-Game/Unity.Timeline.csproj:
[C# Project]   005:     <CscToolPath>/Applications/Unity/Hub/Editor/2020.3.22f1/Unity.app/Contents/Tools/RoslynScripts</CscToolPath>
[C# Project]   006:     <CscToolExe>unity_csc.sh</CscToolExe>
[C# Project]   007:   </PropertyGroup>
[C# Project]   008:   <PropertyGroup>
[C# Project]   009:     <Configuration Condition=" '$(Configuration)' == '' ">Debug</Configuration>
[C# Project] Writing /Users/mehul/Documents/GitHub/3-D-Bounce-Game/UnityEngine.UI.csproj because it has changed
[C# Project] First difference on line 5

[C# Project] Current /Users/mehul/Documents/GitHub/3-D-Bounce-Game/UnityEngine.UI.csproj:
[C# Project]   005:     <CscToolPath>/Applications/Unity/Hub/Editor/2020.3.20f1/Unity.app/Contents/Tools/RoslynScripts</CscToolPath>
[C# Project]   006:     <CscToolExe>unity_csc.sh</CscToolExe>
[C# Project]   007:   </PropertyGroup>
[C# Project]   008:   <PropertyGroup>
[C# Project]   009:     <Configuration Condition=" '$(Configuration)' == '' ">Debug</Configuration>

[C# Project] New /Users/mehul/Documents/GitHub/3-D-Bounce-Game/UnityEngine.UI.csproj:
[C# Project]   005:     <CscToolPath>/Applications/Unity/Hub/Editor/2020.3.22f1/Unity.app/Contents/Tools/RoslynScripts</CscToolPath>
[C# Project]   006:     <CscToolExe>unity_csc.sh</CscToolExe>
[C# Project]   007:   </PropertyGroup>
[C# Project]   008:   <PropertyGroup>
[C# Project]   009:     <Configuration Condition=" '$(Configuration)' == '' ">Debug</Configuration>
[C# Project] Writing /Users/mehul/Documents/GitHub/3-D-Bounce-Game/Unity.TextMeshPro.csproj because it has changed
[C# Project] First difference on line 5

[C# Project] Current /Users/mehul/Documents/GitHub/3-D-Bounce-Game/Unity.TextMeshPro.csproj:
[C# Project]   005:     <CscToolPath>/Applications/Unity/Hub/Editor/2020.3.20f1/Unity.app/Contents/Tools/RoslynScripts</CscToolPath>
[C# Project]   006:     <CscToolExe>unity_csc.sh</CscToolExe>
[C# Project]   007:   </PropertyGroup>
[C# Project]   008:   <PropertyGroup>
[C# Project]   009:     <Configuration Condition=" '$(Configuration)' == '' ">Debug</Configuration>

[C# Project] New /Users/mehul/Documents/GitHub/3-D-Bounce-Game/Unity.TextMeshPro.csproj:
[C# Project]   005:     <CscToolPath>/Applications/Unity/Hub/Editor/2020.3.22f1/Unity.app/Contents/Tools/RoslynScripts</CscToolPath>
[C# Project]   006:     <CscToolExe>unity_csc.sh</CscToolExe>
[C# Project]   007:   </PropertyGroup>
[C# Project]   008:   <PropertyGroup>
[C# Project]   009:     <Configuration Condition=" '$(Configuration)' == '' ">Debug</Configuration>
[C# Project] Writing /Users/mehul/Documents/GitHub/3-D-Bounce-Game/Unity.TextMeshPro.Tests.csproj because it has changed
[C# Project] First difference on line 5

[C# Project] Current /Users/mehul/Documents/GitHub/3-D-Bounce-Game/Unity.TextMeshPro.Tests.csproj:
[C# Project]   005:     <CscToolPath>/Applications/Unity/Hub/Editor/2020.3.20f1/Unity.app/Contents/Tools/RoslynScripts</CscToolPath>
[C# Project]   006:     <CscToolExe>unity_csc.sh</CscToolExe>
[C# Project]   007:   </PropertyGroup>
[C# Project]   008:   <PropertyGroup>
[C# Project]   009:     <Configuration Condition=" '$(Configuration)' == '' ">Debug</Configuration>

[C# Project] New /Users/mehul/Documents/GitHub/3-D-Bounce-Game/Unity.TextMeshPro.Tests.csproj:
[C# Project]   005:     <CscToolPath>/Applications/Unity/Hub/Editor/2020.3.22f1/Unity.app/Contents/Tools/RoslynScripts</CscToolPath>
[C# Project]   006:     <CscToolExe>unity_csc.sh</CscToolExe>
[C# Project]   007:   </PropertyGroup>
[C# Project]   008:   <PropertyGroup>
[C# Project]   009:     <Configuration Condition=" '$(Configuration)' == '' ">Debug</Configuration>
[C# Project] Writing /Users/mehul/Documents/GitHub/3-D-Bounce-Game/UnityEditor.TestRunner.csproj because it has changed
[C# Project] First difference on line 5

[C# Project] Current /Users/mehul/Documents/GitHub/3-D-Bounce-Game/UnityEditor.TestRunner.csproj:
[C# Project]   005:     <CscToolPath>/Applications/Unity/Hub/Editor/2020.3.20f1/Unity.app/Contents/Tools/RoslynScripts</CscToolPath>
[C# Project]   006:     <CscToolExe>unity_csc.sh</CscToolExe>
[C# Project]   007:   </PropertyGroup>
[C# Project]   008:   <PropertyGroup>
[C# Project]   009:     <Configuration Condition=" '$(Configuration)' == '' ">Debug</Configuration>

[C# Project] New /Users/mehul/Documents/GitHub/3-D-Bounce-Game/UnityEditor.TestRunner.csproj:
[C# Project]   005:     <CscToolPath>/Applications/Unity/Hub/Editor/2020.3.22f1/Unity.app/Contents/Tools/RoslynScripts</CscToolPath>
[C# Project]   006:     <CscToolExe>unity_csc.sh</CscToolExe>
[C# Project]   007:   </PropertyGroup>
[C# Project]   008:   <PropertyGroup>
[C# Project]   009:     <Configuration Condition=" '$(Configuration)' == '' ">Debug</Configuration>
[C# Project] Writing /Users/mehul/Documents/GitHub/3-D-Bounce-Game/Unity.PlasticSCM.Editor.csproj because it has changed
[C# Project] First difference on line 5

[C# Project] Current /Users/mehul/Documents/GitHub/3-D-Bounce-Game/Unity.PlasticSCM.Editor.csproj:
[C# Project]   005:     <CscToolPath>/Applications/Unity/Hub/Editor/2020.3.20f1/Unity.app/Contents/Tools/RoslynScripts</CscToolPath>
[C# Project]   006:     <CscToolExe>unity_csc.sh</CscToolExe>
[C# Project]   007:   </PropertyGroup>
[C# Project]   008:   <PropertyGroup>
[C# Project]   009:     <Configuration Condition=" '$(Configuration)' == '' ">Debug</Configuration>

[C# Project] New /Users/mehul/Documents/GitHub/3-D-Bounce-Game/Unity.PlasticSCM.Editor.csproj:
[C# Project]   005:     <CscToolPath>/Applications/Unity/Hub/Editor/2020.3.22f1/Unity.app/Contents/Tools/RoslynScripts</CscToolPath>
[C# Project]   006:     <CscToolExe>unity_csc.sh</CscToolExe>
[C# Project]   007:   </PropertyGroup>
[C# Project]   008:   <PropertyGroup>
[C# Project]   009:     <Configuration Condition=" '$(Configuration)' == '' ">Debug</Configuration>
[C# Project] Writing /Users/mehul/Documents/GitHub/3-D-Bounce-Game/UnityEditor.UI.csproj because it has changed
[C# Project] First difference on line 5

[C# Project] Current /Users/mehul/Documents/GitHub/3-D-Bounce-Game/UnityEditor.UI.csproj:
[C# Project]   005:     <CscToolPath>/Applications/Unity/Hub/Editor/2020.3.20f1/Unity.app/Contents/Tools/RoslynScripts</CscToolPath>
[C# Project]   006:     <CscToolExe>unity_csc.sh</CscToolExe>
[C# Project]   007:   </PropertyGroup>
[C# Project]   008:   <PropertyGroup>
[C# Project]   009:     <Configuration Condition=" '$(Configuration)' == '' ">Debug</Configuration>

[C# Project] New /Users/mehul/Documents/GitHub/3-D-Bounce-Game/UnityEditor.UI.csproj:
[C# Project]   005:     <CscToolPath>/Applications/Unity/Hub/Editor/2020.3.22f1/Unity.app/Contents/Tools/RoslynScripts</CscToolPath>
[C# Project]   006:     <CscToolExe>unity_csc.sh</CscToolExe>
[C# Project]   007:   </PropertyGroup>
[C# Project]   008:   <PropertyGroup>
[C# Project]   009:     <Configuration Condition=" '$(Configuration)' == '' ">Debug</Configuration>
[C# Project] Writing /Users/mehul/Documents/GitHub/3-D-Bounce-Game/Unity.Timeline.Editor.csproj because it has changed
[C# Project] First difference on line 5

[C# Project] Current /Users/mehul/Documents/GitHub/3-D-Bounce-Game/Unity.Timeline.Editor.csproj:
[C# Project]   005:     <CscToolPath>/Applications/Unity/Hub/Editor/2020.3.20f1/Unity.app/Contents/Tools/RoslynScripts</CscToolPath>
[C# Project]   006:     <CscToolExe>unity_csc.sh</CscToolExe>
[C# Project]   007:   </PropertyGroup>
[C# Project]   008:   <PropertyGroup>
[C# Project]   009:     <Configuration Condition=" '$(Configuration)' == '' ">Debug</Configuration>

[C# Project] New /Users/mehul/Documents/GitHub/3-D-Bounce-Game/Unity.Timeline.Editor.csproj:
[C# Project]   005:     <CscToolPath>/Applications/Unity/Hub/Editor/2020.3.22f1/Unity.app/Contents/Tools/RoslynScripts</CscToolPath>
[C# Project]   006:     <CscToolExe>unity_csc.sh</CscToolExe>
[C# Project]   007:   </PropertyGroup>
[C# Project]   008:   <PropertyGroup>
[C# Project]   009:     <Configuration Condition=" '$(Configuration)' == '' ">Debug</Configuration>
[C# Project] Writing /Users/mehul/Documents/GitHub/3-D-Bounce-Game/Unity.VisualStudio.Editor.csproj because it has changed
[C# Project] First difference on line 5

[C# Project] Current /Users/mehul/Documents/GitHub/3-D-Bounce-Game/Unity.VisualStudio.Editor.csproj:
[C# Project]   005:     <CscToolPath>/Applications/Unity/Hub/Editor/2020.3.20f1/Unity.app/Contents/Tools/RoslynScripts</CscToolPath>
[C# Project]   006:     <CscToolExe>unity_csc.sh</CscToolExe>
[C# Project]   007:   </PropertyGroup>
[C# Project]   008:   <PropertyGroup>
[C# Project]   009:     <Configuration Condition=" '$(Configuration)' == '' ">Debug</Configuration>

[C# Project] New /Users/mehul/Documents/GitHub/3-D-Bounce-Game/Unity.VisualStudio.Editor.csproj:
[C# Project]   005:     <CscToolPath>/Applications/Unity/Hub/Editor/2020.3.22f1/Unity.app/Contents/Tools/RoslynScripts</CscToolPath>
[C# Project]   006:     <CscToolExe>unity_csc.sh</CscToolExe>
[C# Project]   007:   </PropertyGroup>
[C# Project]   008:   <PropertyGroup>
[C# Project]   009:     <Configuration Condition=" '$(Configuration)' == '' ">Debug</Configuration>
[C# Project] Writing /Users/mehul/Documents/GitHub/3-D-Bounce-Game/Unity.TextMeshPro.Editor.csproj because it has changed
[C# Project] First difference on line 5

[C# Project] Current /Users/mehul/Documents/GitHub/3-D-Bounce-Game/Unity.TextMeshPro.Editor.csproj:
[C# Project]   005:     <CscToolPath>/Applications/Unity/Hub/Editor/2020.3.20f1/Unity.app/Contents/Tools/RoslynScripts</CscToolPath>
[C# Project]   006:     <CscToolExe>unity_csc.sh</CscToolExe>
[C# Project]   007:   </PropertyGroup>
[C# Project]   008:   <PropertyGroup>
[C# Project]   009:     <Configuration Condition=" '$(Configuration)' == '' ">Debug</Configuration>

[C# Project] New /Users/mehul/Documents/GitHub/3-D-Bounce-Game/Unity.TextMeshPro.Editor.csproj:
[C# Project]   005:     <CscToolPath>/Applications/Unity/Hub/Editor/2020.3.22f1/Unity.app/Contents/Tools/RoslynScripts</CscToolPath>
[C# Project]   006:     <CscToolExe>unity_csc.sh</CscToolExe>
[C# Project]   007:   </PropertyGroup>
[C# Project]   008:   <PropertyGroup>
[C# Project]   009:     <Configuration Condition=" '$(Configuration)' == '' ">Debug</Configuration>
[C# Project] Writing /Users/mehul/Documents/GitHub/3-D-Bounce-Game/Unity.CollabProxy.Editor.csproj because it has changed
[C# Project] First difference on line 5

[C# Project] Current /Users/mehul/Documents/GitHub/3-D-Bounce-Game/Unity.CollabProxy.Editor.csproj:
[C# Project]   005:     <CscToolPath>/Applications/Unity/Hub/Editor/2020.3.20f1/Unity.app/Contents/Tools/RoslynScripts</CscToolPath>
[C# Project]   006:     <CscToolExe>unity_csc.sh</CscToolExe>
[C# Project]   007:   </PropertyGroup>
[C# Project]   008:   <PropertyGroup>
[C# Project]   009:     <Configuration Condition=" '$(Configuration)' == '' ">Debug</Configuration>

[C# Project] New /Users/mehul/Documents/GitHub/3-D-Bounce-Game/Unity.CollabProxy.Editor.csproj:
[C# Project]   005:     <CscToolPath>/Applications/Unity/Hub/Editor/2020.3.22f1/Unity.app/Contents/Tools/RoslynScripts</CscToolPath>
[C# Project]   006:     <CscToolExe>unity_csc.sh</CscToolExe>
[C# Project]   007:   </PropertyGroup>
[C# Project]   008:   <PropertyGroup>
[C# Project]   009:     <Configuration Condition=" '$(Configuration)' == '' ">Debug</Configuration>
[C# Project] Writing /Users/mehul/Documents/GitHub/3-D-Bounce-Game/DocCodeExamples.csproj because it has changed
[C# Project] First difference on line 5

[C# Project] Current /Users/mehul/Documents/GitHub/3-D-Bounce-Game/DocCodeExamples.csproj:
[C# Project]   005:     <CscToolPath>/Applications/Unity/Hub/Editor/2020.3.20f1/Unity.app/Contents/Tools/RoslynScripts</CscToolPath>
[C# Project]   006:     <CscToolExe>unity_csc.sh</CscToolExe>
[C# Project]   007:   </PropertyGroup>
[C# Project]   008:   <PropertyGroup>
[C# Project]   009:     <Configuration Condition=" '$(Configuration)' == '' ">Debug</Configuration>

[C# Project] New /Users/mehul/Documents/GitHub/3-D-Bounce-Game/DocCodeExamples.csproj:
[C# Project]   005:     <CscToolPath>/Applications/Unity/Hub/Editor/2020.3.22f1/Unity.app/Contents/Tools/RoslynScripts</CscToolPath>
[C# Project]   006:     <CscToolExe>unity_csc.sh</CscToolExe>
[C# Project]   007:   </PropertyGroup>
[C# Project]   008:   <PropertyGroup>
[C# Project]   009:     <Configuration Condition=" '$(Configuration)' == '' ">Debug</Configuration>
[C# Project] Writing /Users/mehul/Documents/GitHub/3-D-Bounce-Game/Unity.PlasticSCM.EditorTests.csproj because it has changed
[C# Project] First difference on line 5

[C# Project] Current /Users/mehul/Documents/GitHub/3-D-Bounce-Game/Unity.PlasticSCM.EditorTests.csproj:
[C# Project]   005:     <CscToolPath>/Applications/Unity/Hub/Editor/2020.3.20f1/Unity.app/Contents/Tools/RoslynScripts</CscToolPath>
[C# Project]   006:     <CscToolExe>unity_csc.sh</CscToolExe>
[C# Project]   007:   </PropertyGroup>
[C# Project]   008:   <PropertyGroup>
[C# Project]   009:     <Configuration Condition=" '$(Configuration)' == '' ">Debug</Configuration>

[C# Project] New /Users/mehul/Documents/GitHub/3-D-Bounce-Game/Unity.PlasticSCM.EditorTests.csproj:
[C# Project]   005:     <CscToolPath>/Applications/Unity/Hub/Editor/2020.3.22f1/Unity.app/Contents/Tools/RoslynScripts</CscToolPath>
[C# Project]   006:     <CscToolExe>unity_csc.sh</CscToolExe>
[C# Project]   007:   </PropertyGroup>
[C# Project]   008:   <PropertyGroup>
[C# Project]   009:     <Configuration Condition=" '$(Configuration)' == '' ">Debug</Configuration>
[C# Project] Writing /Users/mehul/Documents/GitHub/3-D-Bounce-Game/Unity.Rider.Editor.csproj because it has changed
[C# Project] First difference on line 5

[C# Project] Current /Users/mehul/Documents/GitHub/3-D-Bounce-Game/Unity.Rider.Editor.csproj:
[C# Project]   005:     <CscToolPath>/Applications/Unity/Hub/Editor/2020.3.20f1/Unity.app/Contents/Tools/RoslynScripts</CscToolPath>
[C# Project]   006:     <CscToolExe>unity_csc.sh</CscToolExe>
[C# Project]   007:   </PropertyGroup>
[C# Project]   008:   <PropertyGroup>
[C# Project]   009:     <Configuration Condition=" '$(Configuration)' == '' ">Debug</Configuration>

[C# Project] New /Users/mehul/Documents/GitHub/3-D-Bounce-Game/Unity.Rider.Editor.csproj:
[C# Project]   005:     <CscToolPath>/Applications/Unity/Hub/Editor/2020.3.22f1/Unity.app/Contents/Tools/RoslynScripts</CscToolPath>
[C# Project]   006:     <CscToolExe>unity_csc.sh</CscToolExe>
[C# Project]   007:   </PropertyGroup>
[C# Project]   008:   <PropertyGroup>
[C# Project]   009:     <Configuration Condition=" '$(Configuration)' == '' ">Debug</Configuration>
[C# Project] Writing /Users/mehul/Documents/GitHub/3-D-Bounce-Game/UnityEditor.UI.EditorTests.csproj because it has changed
[C# Project] First difference on line 5

[C# Project] Current /Users/mehul/Documents/GitHub/3-D-Bounce-Game/UnityEditor.UI.EditorTests.csproj:
[C# Project]   005:     <CscToolPath>/Applications/Unity/Hub/Editor/2020.3.20f1/Unity.app/Contents/Tools/RoslynScripts</CscToolPath>
[C# Project]   006:     <CscToolExe>unity_csc.sh</CscToolExe>
[C# Project]   007:   </PropertyGroup>
[C# Project]   008:   <PropertyGroup>
[C# Project]   009:     <Configuration Condition=" '$(Configuration)' == '' ">Debug</Configuration>

[C# Project] New /Users/mehul/Documents/GitHub/3-D-Bounce-Game/UnityEditor.UI.EditorTests.csproj:
[C# Project]   005:     <CscToolPath>/Applications/Unity/Hub/Editor/2020.3.22f1/Unity.app/Contents/Tools/RoslynScripts</CscToolPath>
[C# Project]   006:     <CscToolExe>unity_csc.sh</CscToolExe>
[C# Project]   007:   </PropertyGroup>
[C# Project]   008:   <PropertyGroup>
[C# Project]   009:     <Configuration Condition=" '$(Configuration)' == '' ">Debug</Configuration>
[C# Project] Writing /Users/mehul/Documents/GitHub/3-D-Bounce-Game/Unity.InternalAPIEditorBridgeDev.001.csproj because it has changed
[C# Project] First difference on line 5

[C# Project] Current /Users/mehul/Documents/GitHub/3-D-Bounce-Game/Unity.InternalAPIEditorBridgeDev.001.csproj:
[C# Project]   005:     <CscToolPath>/Applications/Unity/Hub/Editor/2020.3.20f1/Unity.app/Contents/Tools/RoslynScripts</CscToolPath>
[C# Project]   006:     <CscToolExe>unity_csc.sh</CscToolExe>
[C# Project]   007:   </PropertyGroup>
[C# Project]   008:   <PropertyGroup>
[C# Project]   009:     <Configuration Condition=" '$(Configuration)' == '' ">Debug</Configuration>

[C# Project] New /Users/mehul/Documents/GitHub/3-D-Bounce-Game/Unity.InternalAPIEditorBridgeDev.001.csproj:
[C# Project]   005:     <CscToolPath>/Applications/Unity/Hub/Editor/2020.3.22f1/Unity.app/Contents/Tools/RoslynScripts</CscToolPath>
[C# Project]   006:     <CscToolExe>unity_csc.sh</CscToolExe>
[C# Project]   007:   </PropertyGroup>
[C# Project]   008:   <PropertyGroup>
[C# Project]   009:     <Configuration Condition=" '$(Configuration)' == '' ">Debug</Configuration>
[C# Project] Writing /Users/mehul/Documents/GitHub/3-D-Bounce-Game/Unity.CollabProxy.EditorTests.csproj because it has changed
[C# Project] First difference on line 5

[C# Project] Current /Users/mehul/Documents/GitHub/3-D-Bounce-Game/Unity.CollabProxy.EditorTests.csproj:
[C# Project]   005:     <CscToolPath>/Applications/Unity/Hub/Editor/2020.3.20f1/Unity.app/Contents/Tools/RoslynScripts</CscToolPath>
[C# Project]   006:     <CscToolExe>unity_csc.sh</CscToolExe>
[C# Project]   007:   </PropertyGroup>
[C# Project]   008:   <PropertyGroup>
[C# Project]   009:     <Configuration Condition=" '$(Configuration)' == '' ">Debug</Configuration>

[C# Project] New /Users/mehul/Documents/GitHub/3-D-Bounce-Game/Unity.CollabProxy.EditorTests.csproj:
[C# Project]   005:     <CscToolPath>/Applications/Unity/Hub/Editor/2020.3.22f1/Unity.app/Contents/Tools/RoslynScripts</CscToolPath>
[C# Project]   006:     <CscToolExe>unity_csc.sh</CscToolExe>
[C# Project]   007:   </PropertyGroup>
[C# Project]   008:   <PropertyGroup>
[C# Project]   009:     <Configuration Condition=" '$(Configuration)' == '' ">Debug</Configuration>
[C# Project] Writing /Users/mehul/Documents/GitHub/3-D-Bounce-Game/Unity.VSCode.Editor.csproj because it has changed
[C# Project] First difference on line 5

[C# Project] Current /Users/mehul/Documents/GitHub/3-D-Bounce-Game/Unity.VSCode.Editor.csproj:
[C# Project]   005:     <CscToolPath>/Applications/Unity/Hub/Editor/2020.3.20f1/Unity.app/Contents/Tools/RoslynScripts</CscToolPath>
[C# Project]   006:     <CscToolExe>unity_csc.sh</CscToolExe>
[C# Project]   007:   </PropertyGroup>
[C# Project]   008:   <PropertyGroup>
[C# Project]   009:     <Configuration Condition=" '$(Configuration)' == '' ">Debug</Configuration>

[C# Project] New /Users/mehul/Documents/GitHub/3-D-Bounce-Game/Unity.VSCode.Editor.csproj:
[C# Project]   005:     <CscToolPath>/Applications/Unity/Hub/Editor/2020.3.22f1/Unity.app/Contents/Tools/RoslynScripts</CscToolPath>
[C# Project]   006:     <CscToolExe>unity_csc.sh</CscToolExe>
[C# Project]   007:   </PropertyGroup>
[C# Project]   008:   <PropertyGroup>
[C# Project]   009:     <Configuration Condition=" '$(Configuration)' == '' ">Debug</Configuration>
[C# Project] Writing /Users/mehul/Documents/GitHub/3-D-Bounce-Game/Unity.Settings.Editor.csproj because it has changed
[C# Project] First difference on line 5

[C# Project] Current /Users/mehul/Documents/GitHub/3-D-Bounce-Game/Unity.Settings.Editor.csproj:
[C# Project]   005:     <CscToolPath>/Applications/Unity/Hub/Editor/2020.3.20f1/Unity.app/Contents/Tools/RoslynScripts</CscToolPath>
[C# Project]   006:     <CscToolExe>unity_csc.sh</CscToolExe>
[C# Project]   007:   </PropertyGroup>
[C# Project]   008:   <PropertyGroup>
[C# Project]   009:     <Configuration Condition=" '$(Configuration)' == '' ">Debug</Configuration>

[C# Project] New /Users/mehul/Documents/GitHub/3-D-Bounce-Game/Unity.Settings.Editor.csproj:
[C# Project]   005:     <CscToolPath>/Applications/Unity/Hub/Editor/2020.3.22f1/Unity.app/Contents/Tools/RoslynScripts</CscToolPath>
[C# Project]   006:     <CscToolExe>unity_csc.sh</CscToolExe>
[C# Project]   007:   </PropertyGroup>
[C# Project]   008:   <PropertyGroup>
[C# Project]   009:     <Configuration Condition=" '$(Configuration)' == '' ">Debug</Configuration>
[C# Project] Writing /Users/mehul/Documents/GitHub/3-D-Bounce-Game/Unity.EditorCoroutines.Editor.csproj because it has changed
[C# Project] First difference on line 5

[C# Project] Current /Users/mehul/Documents/GitHub/3-D-Bounce-Game/Unity.EditorCoroutines.Editor.csproj:
[C# Project]   005:     <CscToolPath>/Applications/Unity/Hub/Editor/2020.3.20f1/Unity.app/Contents/Tools/RoslynScripts</CscToolPath>
[C# Project]   006:     <CscToolExe>unity_csc.sh</CscToolExe>
[C# Project]   007:   </PropertyGroup>
[C# Project]   008:   <PropertyGroup>
[C# Project]   009:     <Configuration Condition=" '$(Configuration)' == '' ">Debug</Configuration>

[C# Project] New /Users/mehul/Documents/GitHub/3-D-Bounce-Game/Unity.EditorCoroutines.Editor.csproj:
[C# Project]   005:     <CscToolPath>/Applications/Unity/Hub/Editor/2020.3.22f1/Unity.app/Contents/Tools/RoslynScripts</CscToolPath>
[C# Project]   006:     <CscToolExe>unity_csc.sh</CscToolExe>
[C# Project]   007:   </PropertyGroup>
[C# Project]   008:   <PropertyGroup>
[C# Project]   009:     <Configuration Condition=" '$(Configuration)' == '' ">Debug</Configuration>
[C# Project] Writing /Users/mehul/Documents/GitHub/3-D-Bounce-Game/Unity.Play.Publisher.Editor.csproj because it has changed
[C# Project] First difference on line 5

[C# Project] Current /Users/mehul/Documents/GitHub/3-D-Bounce-Game/Unity.Play.Publisher.Editor.csproj:
[C# Project]   005:     <CscToolPath>/Applications/Unity/Hub/Editor/2020.3.20f1/Unity.app/Contents/Tools/RoslynScripts</CscToolPath>
[C# Project]   006:     <CscToolExe>unity_csc.sh</CscToolExe>
[C# Project]   007:   </PropertyGroup>
[C# Project]   008:   <PropertyGroup>
[C# Project]   009:     <Configuration Condition=" '$(Configuration)' == '' ">Debug</Configuration>

[C# Project] New /Users/mehul/Documents/GitHub/3-D-Bounce-Game/Unity.Play.Publisher.Editor.csproj:
[C# Project]   005:     <CscToolPath>/Applications/Unity/Hub/Editor/2020.3.22f1/Unity.app/Contents/Tools/RoslynScripts</CscToolPath>
[C# Project]   006:     <CscToolExe>unity_csc.sh</CscToolExe>
[C# Project]   007:   </PropertyGroup>
[C# Project]   008:   <PropertyGroup>
[C# Project]   009:     <Configuration Condition=" '$(Configuration)' == '' ">Debug</Configuration>
[C# Project] Writing /Users/mehul/Documents/GitHub/3-D-Bounce-Game/Unity.Play.Publisher.Editor.Tests.csproj because it has changed
[C# Project] First difference on line 5

[C# Project] Current /Users/mehul/Documents/GitHub/3-D-Bounce-Game/Unity.Play.Publisher.Editor.Tests.csproj:
[C# Project]   005:     <CscToolPath>/Applications/Unity/Hub/Editor/2020.3.20f1/Unity.app/Contents/Tools/RoslynScripts</CscToolPath>
[C# Project]   006:     <CscToolExe>unity_csc.sh</CscToolExe>
[C# Project]   007:   </PropertyGroup>
[C# Project]   008:   <PropertyGroup>
[C# Project]   009:     <Configuration Condition=" '$(Configuration)' == '' ">Debug</Configuration>

[C# Project] New /Users/mehul/Documents/GitHub/3-D-Bounce-Game/Unity.Play.Publisher.Editor.Tests.csproj:
[C# Project]   005:     <CscToolPath>/Applications/Unity/Hub/Editor/2020.3.22f1/Unity.app/Contents/Tools/RoslynScripts</CscToolPath>
[C# Project]   006:     <CscToolExe>unity_csc.sh</CscToolExe>
[C# Project]   007:   </PropertyGroup>
[C# Project]   008:   <PropertyGroup>
[C# Project]   009:     <Configuration Condition=" '$(Configuration)' == '' ">Debug</Configuration>
[C# Project] Writing /Users/mehul/Documents/GitHub/3-D-Bounce-Game/Unity.Settings.Tests.csproj because it has changed
[C# Project] First difference on line 5

[C# Project] Current /Users/mehul/Documents/GitHub/3-D-Bounce-Game/Unity.Settings.Tests.csproj:
[C# Project]   005:     <CscToolPath>/Applications/Unity/Hub/Editor/2020.3.20f1/Unity.app/Contents/Tools/RoslynScripts</CscToolPath>
[C# Project]   006:     <CscToolExe>unity_csc.sh</CscToolExe>
[C# Project]   007:   </PropertyGroup>
[C# Project]   008:   <PropertyGroup>
[C# Project]   009:     <Configuration Condition=" '$(Configuration)' == '' ">Debug</Configuration>

[C# Project] New /Users/mehul/Documents/GitHub/3-D-Bounce-Game/Unity.Settings.Tests.csproj:
[C# Project]   005:     <CscToolPath>/Applications/Unity/Hub/Editor/2020.3.22f1/Unity.app/Contents/Tools/RoslynScripts</CscToolPath>
[C# Project]   006:     <CscToolExe>unity_csc.sh</CscToolExe>
[C# Project]   007:   </PropertyGroup>
[C# Project]   008:   <PropertyGroup>
[C# Project]   009:     <Configuration Condition=" '$(Configuration)' == '' ">Debug</Configuration>
[C# Project] Writing /Users/mehul/Documents/GitHub/3-D-Bounce-Game/Unity.TextMeshPro.Editor.Tests.csproj because it has changed
[C# Project] First difference on line 5

[C# Project] Current /Users/mehul/Documents/GitHub/3-D-Bounce-Game/Unity.TextMeshPro.Editor.Tests.csproj:
[C# Project]   005:     <CscToolPath>/Applications/Unity/Hub/Editor/2020.3.20f1/Unity.app/Contents/Tools/RoslynScripts</CscToolPath>
[C# Project]   006:     <CscToolExe>unity_csc.sh</CscToolExe>
[C# Project]   007:   </PropertyGroup>
[C# Project]   008:   <PropertyGroup>
[C# Project]   009:     <Configuration Condition=" '$(Configuration)' == '' ">Debug</Configuration>

[C# Project] New /Users/mehul/Documents/GitHub/3-D-Bounce-Game/Unity.TextMeshPro.Editor.Tests.csproj:
[C# Project]   005:     <CscToolPath>/Applications/Unity/Hub/Editor/2020.3.22f1/Unity.app/Contents/Tools/RoslynScripts</CscToolPath>
[C# Project]   006:     <CscToolExe>unity_csc.sh</CscToolExe>
[C# Project]   007:   </PropertyGroup>
[C# Project]   008:   <PropertyGroup>
[C# Project]   009:     <Configuration Condition=" '$(Configuration)' == '' ">Debug</Configuration>
2022-05-24 14:29:59.226 Unity[35418:2203770] NSEventModifierFlagFunction specified to -setKeyEquivalentModifierMask: for item <NSMenuItem: 0x60000387b410 Font Asset, ke='Command-F12'>, but is only supported for system-provided menu items; will not be used
2022-05-24 14:29:59.229 Unity[35418:2203770] NSEventModifierFlagFunction specified to -setKeyEquivalentModifierMask: for item <NSMenuItem: 0x60000384b6b0 Font Asset, ke='Command-F12'>, but is only supported for system-provided menu items; will not be used
========================================================================
Worker process is ready to serve import requests
Refreshing native plugins compatible for Editor in 0.26 ms, found 2 plugins.
Preloading 0 native plugins for Editor in 0.00 ms.
Unloading 1528 Unused Serialized files (Serialized files now loaded: 0)
System memory in use before: 167.2 MB.
System memory in use after: 166.4 MB.

Unloading 85 unused Assets to reduce memory usage. Loaded Objects now: 1998.
Total: 2.527166 ms (FindLiveObjects: 0.107625 ms CreateObjectMapping: 0.028833 ms MarkObjects: 1.976958 ms  DeleteObjects: 0.412791 ms)

AssetImportParameters requested are different than current active one (requested -> active):
  custom:video-decoder-ogg-theora: a1e56fd34408186e4bbccfd4996cb3dc -> 
  custom:container-muxer-webm: aa71ff27fc2769a1b78a27578f13a17b -> 
  custom:container-demuxer-webm: 4f35f7cbe854078d1ac9338744f61a02 -> 
  custom:container-demuxer-ogg: 62fdf1f143b41e24485cea50d1cbac27 -> 
  custom:video-encoder-webm-vp8: eb34c28f22e8b96e1ab97ce403110664 -> 
  custom:framework-osx-AVFoundation: e770b220cccbd017edd2c1fefb359320 -> 
  custom:video-decoder-webm-vp8: 9c59270c3fd7afecdb556c50c9e8de78 -> 
  custom:audio-decoder-ogg-vorbis: bf7c407c2cedff20999df2af8eb42d56 -> 
  custom:audio-encoder-webm-vorbis: bf7c407c2cedff20999df2af8eb42d56 -> 
========================================================================
Received Import Request.
  path: Assets/HelloWorld.cs
  artifactKey: Guid(6f7fe74bd43b9419196b4c08b107bc9f) Importer(815301076,1909f56bfc062723c751e8b465ee728b)
Start importing Assets/HelloWorld.cs using Guid(6f7fe74bd43b9419196b4c08b107bc9f) Importer(815301076,1909f56bfc062723c751e8b465ee728b)  -> (artifact id: '2bad970428c353d276ece91c583ff70d') in 0.147176 seconds 
  Import took 0.149388 seconds .

========================================================================
Received Prepare
Registering precompiled user dll's ...
Registered in 0.002475 seconds.
Begin MonoManager ReloadAssembly
Native extension for OSXStandalone target not found
Native extension for WebGL target not found
Refreshing native plugins compatible for Editor in 0.40 ms, found 2 plugins.
Preloading 0 native plugins for Editor in 0.00 ms.
2022-05-24 14:33:23.775 Unity[35418:2203770] NSEventModifierFlagFunction specified to -setKeyEquivalentModifierMask: for item <NSMenuItem: 0x60000384b480 Font Asset, ke='Command-F12'>, but is only supported for system-provided menu items; will not be used
Mono: successfully reloaded assembly
- Completed reload, in  2.460 seconds
Domain Reload Profiling:
	ReloadAssembly (2461ms)
		BeginReloadAssembly (251ms)
			ExecutionOrderSort (0ms)
			DisableScriptedObjects (37ms)
			BackupInstance (0ms)
			ReleaseScriptingObjects (0ms)
			CreateAndSetChildDomain (102ms)
		EndReloadAssembly (2109ms)
			LoadAssemblies (196ms)
			RebuildTransferFunctionScriptingTraits (0ms)
			SetupTypeCache (345ms)
			ReleaseScriptCaches (1ms)
			RebuildScriptCaches (53ms)
			SetupLoadedEditorAssemblies (1238ms)
				LogAssemblyErrors (0ms)
				InitializePlatformSupportModulesInManaged (24ms)
				SetLoadedEditorAssemblies (2ms)
				RefreshPlugins (0ms)
				BeforeProcessingInitializeOnLoad (172ms)
				ProcessInitializeOnLoadAttributes (1010ms)
				ProcessInitializeOnLoadMethodAttributes (29ms)
				AfterProcessingInitializeOnLoad (1ms)
				EditorAssembliesLoaded (0ms)
			ExecutionOrderSort2 (0ms)
			AwakeInstancesAfterBackupRestoration (31ms)
Platform modules already initialized, skipping
Refreshing native plugins compatible for Editor in 0.23 ms, found 2 plugins.
Preloading 0 native plugins for Editor in 0.00 ms.
Unloading 1521 Unused Serialized files (Serialized files now loaded: 0)
System memory in use before: 168.0 MB.
System memory in use after: 168.1 MB.

Unloading 16 unused Assets to reduce memory usage. Loaded Objects now: 2001.
Total: 2.180792 ms (FindLiveObjects: 0.116875 ms CreateObjectMapping: 0.029250 ms MarkObjects: 2.015833 ms  DeleteObjects: 0.018042 ms)

AssetImportParameters requested are different than current active one (requested -> active):
  custom:video-decoder-ogg-theora: a1e56fd34408186e4bbccfd4996cb3dc -> 
  custom:container-muxer-webm: aa71ff27fc2769a1b78a27578f13a17b -> 
  custom:container-demuxer-webm: 4f35f7cbe854078d1ac9338744f61a02 -> 
  custom:container-demuxer-ogg: 62fdf1f143b41e24485cea50d1cbac27 -> 
  custom:video-encoder-webm-vp8: eb34c28f22e8b96e1ab97ce403110664 -> 
  custom:framework-osx-AVFoundation: e770b220cccbd017edd2c1fefb359320 -> 
  custom:video-decoder-webm-vp8: 9c59270c3fd7afecdb556c50c9e8de78 -> 
  custom:audio-decoder-ogg-vorbis: bf7c407c2cedff20999df2af8eb42d56 -> 
  custom:audio-encoder-webm-vorbis: bf7c407c2cedff20999df2af8eb42d56 -> 
========================================================================
Received Import Request.
  Time since last request: 205.569104 seconds.
  path: Assets/HelloWorld.cs
  artifactKey: Guid(6f7fe74bd43b9419196b4c08b107bc9f) Importer(815301076,1909f56bfc062723c751e8b465ee728b)
Start importing Assets/HelloWorld.cs using Guid(6f7fe74bd43b9419196b4c08b107bc9f) Importer(815301076,1909f56bfc062723c751e8b465ee728b)  -> (artifact id: '4fe6778cf738dea045b884ff58beafc9') in 0.006663 seconds 
  Import took 0.008326 seconds .

========================================================================
Received Prepare
Registering precompiled user dll's ...
Registered in 0.002639 seconds.
Begin MonoManager ReloadAssembly
Native extension for OSXStandalone target not found
Native extension for WebGL target not found
Refreshing native plugins compatible for Editor in 0.40 ms, found 2 plugins.
Preloading 0 native plugins for Editor in 0.00 ms.
2022-05-24 14:36:44.065 Unity[35418:2203770] NSEventModifierFlagFunction specified to -setKeyEquivalentModifierMask: for item <NSMenuItem: 0x60000386ea70 Font Asset, ke='Command-F12'>, but is only supported for system-provided menu items; will not be used
Mono: successfully reloaded assembly
- Completed reload, in  2.453 seconds
Domain Reload Profiling:
	ReloadAssembly (2455ms)
		BeginReloadAssembly (267ms)
			ExecutionOrderSort (0ms)
			DisableScriptedObjects (36ms)
			BackupInstance (0ms)
			ReleaseScriptingObjects (0ms)
			CreateAndSetChildDomain (116ms)
		EndReloadAssembly (2085ms)
			LoadAssemblies (203ms)
			RebuildTransferFunctionScriptingTraits (0ms)
			SetupTypeCache (339ms)
			ReleaseScriptCaches (1ms)
			RebuildScriptCaches (54ms)
			SetupLoadedEditorAssemblies (1191ms)
				LogAssemblyErrors (0ms)
				InitializePlatformSupportModulesInManaged (20ms)
				SetLoadedEditorAssemblies (2ms)
				RefreshPlugins (0ms)
				BeforeProcessingInitializeOnLoad (173ms)
				ProcessInitializeOnLoadAttributes (967ms)
				ProcessInitializeOnLoadMethodAttributes (28ms)
				AfterProcessingInitializeOnLoad (1ms)
				EditorAssembliesLoaded (0ms)
			ExecutionOrderSort2 (0ms)
			AwakeInstancesAfterBackupRestoration (31ms)
Platform modules already initialized, skipping
Refreshing native plugins compatible for Editor in 0.36 ms, found 2 plugins.
Preloading 0 native plugins for Editor in 0.00 ms.
Unloading 1521 Unused Serialized files (Serialized files now loaded: 0)
System memory in use before: 168.2 MB.
System memory in use after: 168.4 MB.

Unloading 15 unused Assets to reduce memory usage. Loaded Objects now: 2003.
Total: 2.405458 ms (FindLiveObjects: 0.116042 ms CreateObjectMapping: 0.028292 ms MarkObjects: 2.237292 ms  DeleteObjects: 0.021709 ms)

AssetImportParameters requested are different than current active one (requested -> active):
  custom:video-decoder-ogg-theora: a1e56fd34408186e4bbccfd4996cb3dc -> 
  custom:container-muxer-webm: aa71ff27fc2769a1b78a27578f13a17b -> 
  custom:container-demuxer-webm: 4f35f7cbe854078d1ac9338744f61a02 -> 
  custom:container-demuxer-ogg: 62fdf1f143b41e24485cea50d1cbac27 -> 
  custom:video-encoder-webm-vp8: eb34c28f22e8b96e1ab97ce403110664 -> 
  custom:framework-osx-AVFoundation: e770b220cccbd017edd2c1fefb359320 -> 
  custom:video-decoder-webm-vp8: 9c59270c3fd7afecdb556c50c9e8de78 -> 
  custom:audio-decoder-ogg-vorbis: bf7c407c2cedff20999df2af8eb42d56 -> 
  custom:audio-encoder-webm-vorbis: bf7c407c2cedff20999df2af8eb42d56 -> 
========================================================================
Received Import Request.
  Time since last request: 200.230090 seconds.
  path: Assets/HelloWorld.cs
  artifactKey: Guid(6f7fe74bd43b9419196b4c08b107bc9f) Importer(815301076,1909f56bfc062723c751e8b465ee728b)
Start importing Assets/HelloWorld.cs using Guid(6f7fe74bd43b9419196b4c08b107bc9f) Importer(815301076,1909f56bfc062723c751e8b465ee728b)  -> (artifact id: 'a2989484cf6dcce44a50496dc18613dd') in 0.006731 seconds 
  Import took 0.008408 seconds .

========================================================================
Received Prepare
Registering precompiled user dll's ...
Registered in 0.004573 seconds.
Begin MonoManager ReloadAssembly
Native extension for OSXStandalone target not found
Native extension for WebGL target not found
Refreshing native plugins compatible for Editor in 0.35 ms, found 2 plugins.
Preloading 0 native plugins for Editor in 0.00 ms.
2022-05-24 14:40:47.928 Unity[35418:2203770] NSEventModifierFlagFunction specified to -setKeyEquivalentModifierMask: for item <NSMenuItem: 0x60000384f5d0 Font Asset, ke='Command-F12'>, but is only supported for system-provided menu items; will not be used
Mono: successfully reloaded assembly
- Completed reload, in  2.405 seconds
Domain Reload Profiling:
	ReloadAssembly (2407ms)
		BeginReloadAssembly (261ms)
			ExecutionOrderSort (0ms)
			DisableScriptedObjects (44ms)
			BackupInstance (0ms)
			ReleaseScriptingObjects (0ms)
			CreateAndSetChildDomain (105ms)
		EndReloadAssembly (2052ms)
			LoadAssemblies (205ms)
			RebuildTransferFunctionScriptingTraits (0ms)
			SetupTypeCache (323ms)
			ReleaseScriptCaches (1ms)
			RebuildScriptCaches (47ms)
			SetupLoadedEditorAssemblies (1207ms)
				LogAssemblyErrors (0ms)
				InitializePlatformSupportModulesInManaged (18ms)
				SetLoadedEditorAssemblies (1ms)
				RefreshPlugins (0ms)
				BeforeProcessingInitializeOnLoad (163ms)
				ProcessInitializeOnLoadAttributes (990ms)
				ProcessInitializeOnLoadMethodAttributes (33ms)
				AfterProcessingInitializeOnLoad (1ms)
				EditorAssembliesLoaded (1ms)
			ExecutionOrderSort2 (0ms)
			AwakeInstancesAfterBackupRestoration (31ms)
Platform modules already initialized, skipping
Refreshing native plugins compatible for Editor in 0.25 ms, found 2 plugins.
Preloading 0 native plugins for Editor in 0.00 ms.
Unloading 1521 Unused Serialized files (Serialized files now loaded: 0)
System memory in use before: 168.4 MB.
System memory in use after: 168.6 MB.

Unloading 15 unused Assets to reduce memory usage. Loaded Objects now: 2005.
Total: 2.082125 ms (FindLiveObjects: 0.116208 ms CreateObjectMapping: 0.028916 ms MarkObjects: 1.917000 ms  DeleteObjects: 0.019167 ms)

AssetImportParameters requested are different than current active one (requested -> active):
  custom:video-decoder-ogg-theora: a1e56fd34408186e4bbccfd4996cb3dc -> 
  custom:container-muxer-webm: aa71ff27fc2769a1b78a27578f13a17b -> 
  custom:container-demuxer-webm: 4f35f7cbe854078d1ac9338744f61a02 -> 
  custom:container-demuxer-ogg: 62fdf1f143b41e24485cea50d1cbac27 -> 
  custom:video-encoder-webm-vp8: eb34c28f22e8b96e1ab97ce403110664 -> 
  custom:framework-osx-AVFoundation: e770b220cccbd017edd2c1fefb359320 -> 
  custom:video-decoder-webm-vp8: 9c59270c3fd7afecdb556c50c9e8de78 -> 
  custom:audio-decoder-ogg-vorbis: bf7c407c2cedff20999df2af8eb42d56 -> 
  custom:audio-encoder-webm-vorbis: bf7c407c2cedff20999df2af8eb42d56 -> 
========================================================================
Received Prepare
Registering precompiled user dll's ...
Registered in 0.001840 seconds.
Begin MonoManager ReloadAssembly
Native extension for OSXStandalone target not found
Native extension for WebGL target not found
Refreshing native plugins compatible for Editor in 0.39 ms, found 2 plugins.
Preloading 0 native plugins for Editor in 0.00 ms.
2022-05-24 14:41:05.122 Unity[35418:2203770] NSEventModifierFlagFunction specified to -setKeyEquivalentModifierMask: for item <NSMenuItem: 0x6000038ee920 Font Asset, ke='Command-F12'>, but is only supported for system-provided menu items; will not be used
Mono: successfully reloaded assembly
- Completed reload, in  2.416 seconds
Domain Reload Profiling:
	ReloadAssembly (2417ms)
		BeginReloadAssembly (198ms)
			ExecutionOrderSort (0ms)
			DisableScriptedObjects (30ms)
			BackupInstance (0ms)
			ReleaseScriptingObjects (0ms)
			CreateAndSetChildDomain (63ms)
		EndReloadAssembly (2121ms)
			LoadAssemblies (190ms)
			RebuildTransferFunctionScriptingTraits (0ms)
			SetupTypeCache (321ms)
			ReleaseScriptCaches (1ms)
			RebuildScriptCaches (49ms)
			SetupLoadedEditorAssemblies (1284ms)
				LogAssemblyErrors (0ms)
				InitializePlatformSupportModulesInManaged (20ms)
				SetLoadedEditorAssemblies (1ms)
				RefreshPlugins (0ms)
				BeforeProcessingInitializeOnLoad (175ms)
				ProcessInitializeOnLoadAttributes (1054ms)
				ProcessInitializeOnLoadMethodAttributes (33ms)
				AfterProcessingInitializeOnLoad (1ms)
				EditorAssembliesLoaded (0ms)
			ExecutionOrderSort2 (0ms)
			AwakeInstancesAfterBackupRestoration (30ms)
Platform modules already initialized, skipping
Refreshing native plugins compatible for Editor in 0.23 ms, found 2 plugins.
Preloading 0 native plugins for Editor in 0.00 ms.
Unloading 1520 Unused Serialized files (Serialized files now loaded: 0)
System memory in use before: 168.6 MB.
System memory in use after: 168.7 MB.

Unloading 16 unused Assets to reduce memory usage. Loaded Objects now: 2006.
Total: 1.968042 ms (FindLiveObjects: 0.087584 ms CreateObjectMapping: 0.028292 ms MarkObjects: 1.831416 ms  DeleteObjects: 0.020000 ms)

AssetImportParameters requested are different than current active one (requested -> active):
  custom:video-decoder-ogg-theora: a1e56fd34408186e4bbccfd4996cb3dc -> 
  custom:container-muxer-webm: aa71ff27fc2769a1b78a27578f13a17b -> 
  custom:container-demuxer-webm: 4f35f7cbe854078d1ac9338744f61a02 -> 
  custom:container-demuxer-ogg: 62fdf1f143b41e24485cea50d1cbac27 -> 
  custom:video-encoder-webm-vp8: eb34c28f22e8b96e1ab97ce403110664 -> 
  custom:framework-osx-AVFoundation: e770b220cccbd017edd2c1fefb359320 -> 
  custom:video-decoder-webm-vp8: 9c59270c3fd7afecdb556c50c9e8de78 -> 
  custom:audio-decoder-ogg-vorbis: bf7c407c2cedff20999df2af8eb42d56 -> 
  custom:audio-encoder-webm-vorbis: bf7c407c2cedff20999df2af8eb42d56 -> 
========================================================================
Received Import Request.
  Time since last request: 278.950898 seconds.
  path: Assets/ScaleChange.cs
  artifactKey: Guid(dca9c85c21dbf49ec839f8f0a185df5f) Importer(815301076,1909f56bfc062723c751e8b465ee728b)
Start importing Assets/ScaleChange.cs using Guid(dca9c85c21dbf49ec839f8f0a185df5f) Importer(815301076,1909f56bfc062723c751e8b465ee728b)  -> (artifact id: 'a93e6e8865b0337e5080f9d1b2af3844') in 0.008279 seconds 
  Import took 0.010411 seconds .

========================================================================
Received Prepare
Registering precompiled user dll's ...
Registered in 0.002251 seconds.
Begin MonoManager ReloadAssembly
Native extension for OSXStandalone target not found
Native extension for WebGL target not found
Refreshing native plugins compatible for Editor in 0.37 ms, found 2 plugins.
Preloading 0 native plugins for Editor in 0.00 ms.
2022-05-24 14:41:30.167 Unity[35418:2203770] NSEventModifierFlagFunction specified to -setKeyEquivalentModifierMask: for item <NSMenuItem: 0x6000038bf5d0 Font Asset, ke='Command-F12'>, but is only supported for system-provided menu items; will not be used
Mono: successfully reloaded assembly
- Completed reload, in  2.424 seconds
Domain Reload Profiling:
	ReloadAssembly (2425ms)
		BeginReloadAssembly (202ms)
			ExecutionOrderSort (0ms)
			DisableScriptedObjects (32ms)
			BackupInstance (0ms)
			ReleaseScriptingObjects (0ms)
			CreateAndSetChildDomain (67ms)
		EndReloadAssembly (2125ms)
			LoadAssemblies (185ms)
			RebuildTransferFunctionScriptingTraits (0ms)
			SetupTypeCache (329ms)
			ReleaseScriptCaches (1ms)
			RebuildScriptCaches (48ms)
			SetupLoadedEditorAssemblies (1278ms)
				LogAssemblyErrors (0ms)
				InitializePlatformSupportModulesInManaged (18ms)
				SetLoadedEditorAssemblies (2ms)
				RefreshPlugins (0ms)
				BeforeProcessingInitializeOnLoad (179ms)
				ProcessInitializeOnLoadAttributes (1048ms)
				ProcessInitializeOnLoadMethodAttributes (30ms)
				AfterProcessingInitializeOnLoad (1ms)
				EditorAssembliesLoaded (0ms)
			ExecutionOrderSort2 (0ms)
			AwakeInstancesAfterBackupRestoration (39ms)
Platform modules already initialized, skipping
Refreshing native plugins compatible for Editor in 0.25 ms, found 2 plugins.
Preloading 0 native plugins for Editor in 0.00 ms.
Unloading 1521 Unused Serialized files (Serialized files now loaded: 0)
System memory in use before: 168.8 MB.
System memory in use after: 168.9 MB.

Unloading 15 unused Assets to reduce memory usage. Loaded Objects now: 2009.
Total: 2.166166 ms (FindLiveObjects: 0.100209 ms CreateObjectMapping: 0.034417 ms MarkObjects: 2.007292 ms  DeleteObjects: 0.023333 ms)

AssetImportParameters requested are different than current active one (requested -> active):
  custom:video-decoder-ogg-theora: a1e56fd34408186e4bbccfd4996cb3dc -> 
  custom:container-muxer-webm: aa71ff27fc2769a1b78a27578f13a17b -> 
  custom:container-demuxer-webm: 4f35f7cbe854078d1ac9338744f61a02 -> 
  custom:container-demuxer-ogg: 62fdf1f143b41e24485cea50d1cbac27 -> 
  custom:video-encoder-webm-vp8: eb34c28f22e8b96e1ab97ce403110664 -> 
  custom:framework-osx-AVFoundation: e770b220cccbd017edd2c1fefb359320 -> 
  custom:video-decoder-webm-vp8: 9c59270c3fd7afecdb556c50c9e8de78 -> 
  custom:audio-decoder-ogg-vorbis: bf7c407c2cedff20999df2af8eb42d56 -> 
  custom:audio-encoder-webm-vorbis: bf7c407c2cedff20999df2af8eb42d56 -> 
========================================================================
Received Import Request.
  Time since last request: 123.615984 seconds.
  path: Assets/ScaleChange.cs
  artifactKey: Guid(dca9c85c21dbf49ec839f8f0a185df5f) Importer(815301076,1909f56bfc062723c751e8b465ee728b)
Start importing Assets/ScaleChange.cs using Guid(dca9c85c21dbf49ec839f8f0a185df5f) Importer(815301076,1909f56bfc062723c751e8b465ee728b)  -> (artifact id: '0680f4e903a9ea7332d6f10d712e50be') in 0.056163 seconds 
  Import took 0.065730 seconds .

========================================================================
Received Prepare
Registering precompiled user dll's ...
Registered in 0.002507 seconds.
Begin MonoManager ReloadAssembly
Native extension for OSXStandalone target not found
Native extension for WebGL target not found
Refreshing native plugins compatible for Editor in 0.35 ms, found 2 plugins.
Preloading 0 native plugins for Editor in 0.00 ms.
2022-05-24 14:44:58.283 Unity[35418:2203770] NSEventModifierFlagFunction specified to -setKeyEquivalentModifierMask: for item <NSMenuItem: 0x600003897f00 Font Asset, ke='Command-F12'>, but is only supported for system-provided menu items; will not be used
Mono: successfully reloaded assembly
- Completed reload, in  2.350 seconds
Domain Reload Profiling:
	ReloadAssembly (2352ms)
		BeginReloadAssembly (239ms)
			ExecutionOrderSort (0ms)
			DisableScriptedObjects (37ms)
			BackupInstance (0ms)
			ReleaseScriptingObjects (0ms)
			CreateAndSetChildDomain (90ms)
		EndReloadAssembly (2013ms)
			LoadAssemblies (204ms)
			RebuildTransferFunctionScriptingTraits (0ms)
			SetupTypeCache (330ms)
			ReleaseScriptCaches (1ms)
			RebuildScriptCaches (46ms)
			SetupLoadedEditorAssemblies (1171ms)
				LogAssemblyErrors (0ms)
				InitializePlatformSupportModulesInManaged (18ms)
				SetLoadedEditorAssemblies (1ms)
				RefreshPlugins (0ms)
				BeforeProcessingInitializeOnLoad (163ms)
				ProcessInitializeOnLoadAttributes (961ms)
				ProcessInitializeOnLoadMethodAttributes (26ms)
				AfterProcessingInitializeOnLoad (1ms)
				EditorAssembliesLoaded (0ms)
			ExecutionOrderSort2 (0ms)
			AwakeInstancesAfterBackupRestoration (35ms)
Platform modules already initialized, skipping
Refreshing native plugins compatible for Editor in 0.25 ms, found 2 plugins.
Preloading 0 native plugins for Editor in 0.00 ms.
Unloading 1521 Unused Serialized files (Serialized files now loaded: 0)
System memory in use before: 169.0 MB.
System memory in use after: 169.1 MB.

Unloading 15 unused Assets to reduce memory usage. Loaded Objects now: 2011.
Total: 2.125084 ms (FindLiveObjects: 0.123500 ms CreateObjectMapping: 0.028750 ms MarkObjects: 1.952083 ms  DeleteObjects: 0.019875 ms)

AssetImportParameters requested are different than current active one (requested -> active):
  custom:video-decoder-ogg-theora: a1e56fd34408186e4bbccfd4996cb3dc -> 
  custom:container-muxer-webm: aa71ff27fc2769a1b78a27578f13a17b -> 
  custom:container-demuxer-webm: 4f35f7cbe854078d1ac9338744f61a02 -> 
  custom:container-demuxer-ogg: 62fdf1f143b41e24485cea50d1cbac27 -> 
  custom:video-encoder-webm-vp8: eb34c28f22e8b96e1ab97ce403110664 -> 
  custom:framework-osx-AVFoundation: e770b220cccbd017edd2c1fefb359320 -> 
  custom:video-decoder-webm-vp8: 9c59270c3fd7afecdb556c50c9e8de78 -> 
  custom:audio-decoder-ogg-vorbis: bf7c407c2cedff20999df2af8eb42d56 -> 
  custom:audio-encoder-webm-vorbis: bf7c407c2cedff20999df2af8eb42d56 -> 
========================================================================
Received Prepare
Registering precompiled user dll's ...
Registered in 0.010346 seconds.
Begin MonoManager ReloadAssembly
Native extension for OSXStandalone target not found
Native extension for WebGL target not found
Refreshing native plugins compatible for Editor in 0.37 ms, found 2 plugins.
Preloading 0 native plugins for Editor in 0.00 ms.
2022-05-24 14:45:52.870 Unity[35418:2203770] NSEventModifierFlagFunction specified to -setKeyEquivalentModifierMask: for item <NSMenuItem: 0x60000384a8b0 Font Asset, ke='Command-F12'>, but is only supported for system-provided menu items; will not be used
Mono: successfully reloaded assembly
- Completed reload, in  2.580 seconds
Domain Reload Profiling:
	ReloadAssembly (2581ms)
		BeginReloadAssembly (294ms)
			ExecutionOrderSort (0ms)
			DisableScriptedObjects (42ms)
			BackupInstance (0ms)
			ReleaseScriptingObjects (0ms)
			CreateAndSetChildDomain (121ms)
		EndReloadAssembly (2186ms)
			LoadAssemblies (231ms)
			RebuildTransferFunctionScriptingTraits (0ms)
			SetupTypeCache (330ms)
			ReleaseScriptCaches (1ms)
			RebuildScriptCaches (47ms)
			SetupLoadedEditorAssemblies (1305ms)
				LogAssemblyErrors (0ms)
				InitializePlatformSupportModulesInManaged (21ms)
				SetLoadedEditorAssemblies (1ms)
				RefreshPlugins (0ms)
				BeforeProcessingInitializeOnLoad (194ms)
				ProcessInitializeOnLoadAttributes (1055ms)
				ProcessInitializeOnLoadMethodAttributes (31ms)
				AfterProcessingInitializeOnLoad (1ms)
				EditorAssembliesLoaded (1ms)
			ExecutionOrderSort2 (0ms)
			AwakeInstancesAfterBackupRestoration (37ms)
Platform modules already initialized, skipping
Refreshing native plugins compatible for Editor in 0.32 ms, found 2 plugins.
Preloading 0 native plugins for Editor in 0.00 ms.
Unloading 1521 Unused Serialized files (Serialized files now loaded: 0)
System memory in use before: 169.2 MB.
System memory in use after: 169.3 MB.

Unloading 15 unused Assets to reduce memory usage. Loaded Objects now: 2013.
Total: 2.166292 ms (FindLiveObjects: 0.119791 ms CreateObjectMapping: 0.029666 ms MarkObjects: 1.999167 ms  DeleteObjects: 0.016667 ms)

AssetImportParameters requested are different than current active one (requested -> active):
  custom:video-decoder-ogg-theora: a1e56fd34408186e4bbccfd4996cb3dc -> 
  custom:container-muxer-webm: aa71ff27fc2769a1b78a27578f13a17b -> 
  custom:container-demuxer-webm: 4f35f7cbe854078d1ac9338744f61a02 -> 
  custom:container-demuxer-ogg: 62fdf1f143b41e24485cea50d1cbac27 -> 
  custom:video-encoder-webm-vp8: eb34c28f22e8b96e1ab97ce403110664 -> 
  custom:framework-osx-AVFoundation: e770b220cccbd017edd2c1fefb359320 -> 
  custom:video-decoder-webm-vp8: 9c59270c3fd7afecdb556c50c9e8de78 -> 
  custom:audio-decoder-ogg-vorbis: bf7c407c2cedff20999df2af8eb42d56 -> 
  custom:audio-encoder-webm-vorbis: bf7c407c2cedff20999df2af8eb42d56 -> 
========================================================================
Received Prepare
Registering precompiled user dll's ...
Registered in 0.002031 seconds.
Begin MonoManager ReloadAssembly
Native extension for OSXStandalone target not found
Native extension for WebGL target not found
Refreshing native plugins compatible for Editor in 0.40 ms, found 2 plugins.
Preloading 0 native plugins for Editor in 0.00 ms.
2022-05-24 14:47:15.174 Unity[35418:2203770] NSEventModifierFlagFunction specified to -setKeyEquivalentModifierMask: for item <NSMenuItem: 0x60000386efb0 Font Asset, ke='Command-F12'>, but is only supported for system-provided menu items; will not be used
Mono: successfully reloaded assembly
- Completed reload, in  2.488 seconds
Domain Reload Profiling:
	ReloadAssembly (2489ms)
		BeginReloadAssembly (234ms)
			ExecutionOrderSort (0ms)
			DisableScriptedObjects (34ms)
			BackupInstance (0ms)
			ReleaseScriptingObjects (0ms)
			CreateAndSetChildDomain (86ms)
		EndReloadAssembly (2152ms)
			LoadAssemblies (203ms)
			RebuildTransferFunctionScriptingTraits (0ms)
			SetupTypeCache (341ms)
			ReleaseScriptCaches (1ms)
			RebuildScriptCaches (49ms)
			SetupLoadedEditorAssemblies (1246ms)
				LogAssemblyErrors (0ms)
				InitializePlatformSupportModulesInManaged (22ms)
				SetLoadedEditorAssemblies (2ms)
				RefreshPlugins (0ms)
				BeforeProcessingInitializeOnLoad (187ms)
				ProcessInitializeOnLoadAttributes (1002ms)
				ProcessInitializeOnLoadMethodAttributes (32ms)
				AfterProcessingInitializeOnLoad (1ms)
				EditorAssembliesLoaded (0ms)
			ExecutionOrderSort2 (0ms)
			AwakeInstancesAfterBackupRestoration (32ms)
Platform modules already initialized, skipping
Refreshing native plugins compatible for Editor in 0.30 ms, found 2 plugins.
Preloading 0 native plugins for Editor in 0.00 ms.
Unloading 1521 Unused Serialized files (Serialized files now loaded: 0)
System memory in use before: 169.4 MB.
System memory in use after: 169.5 MB.

Unloading 15 unused Assets to reduce memory usage. Loaded Objects now: 2015.
Total: 2.282334 ms (FindLiveObjects: 0.137000 ms CreateObjectMapping: 0.031250 ms MarkObjects: 2.088208 ms  DeleteObjects: 0.024583 ms)

AssetImportParameters requested are different than current active one (requested -> active):
  custom:video-decoder-ogg-theora: a1e56fd34408186e4bbccfd4996cb3dc -> 
  custom:container-muxer-webm: aa71ff27fc2769a1b78a27578f13a17b -> 
  custom:container-demuxer-webm: 4f35f7cbe854078d1ac9338744f61a02 -> 
  custom:container-demuxer-ogg: 62fdf1f143b41e24485cea50d1cbac27 -> 
  custom:video-encoder-webm-vp8: eb34c28f22e8b96e1ab97ce403110664 -> 
  custom:framework-osx-AVFoundation: e770b220cccbd017edd2c1fefb359320 -> 
  custom:video-decoder-webm-vp8: 9c59270c3fd7afecdb556c50c9e8de78 -> 
  custom:audio-decoder-ogg-vorbis: bf7c407c2cedff20999df2af8eb42d56 -> 
  custom:audio-encoder-webm-vorbis: bf7c407c2cedff20999df2af8eb42d56 -> 
========================================================================
Received Prepare
Registering precompiled user dll's ...
Registered in 0.004569 seconds.
Begin MonoManager ReloadAssembly
Native extension for OSXStandalone target not found
Native extension for WebGL target not found
Refreshing native plugins compatible for Editor in 0.35 ms, found 2 plugins.
Preloading 0 native plugins for Editor in 0.00 ms.
2022-05-24 14:54:35.434 Unity[35418:2203770] NSEventModifierFlagFunction specified to -setKeyEquivalentModifierMask: for item <NSMenuItem: 0x600003899ea0 Font Asset, ke='Command-F12'>, but is only supported for system-provided menu items; will not be used
Mono: successfully reloaded assembly
- Completed reload, in  2.312 seconds
Domain Reload Profiling:
	ReloadAssembly (2314ms)
		BeginReloadAssembly (235ms)
			ExecutionOrderSort (0ms)
			DisableScriptedObjects (31ms)
			BackupInstance (0ms)
			ReleaseScriptingObjects (0ms)
			CreateAndSetChildDomain (94ms)
		EndReloadAssembly (1983ms)
			LoadAssemblies (196ms)
			RebuildTransferFunctionScriptingTraits (0ms)
			SetupTypeCache (309ms)
			ReleaseScriptCaches (1ms)
			RebuildScriptCaches (45ms)
			SetupLoadedEditorAssemblies (1160ms)
				LogAssemblyErrors (0ms)
				InitializePlatformSupportModulesInManaged (19ms)
				SetLoadedEditorAssemblies (1ms)
				RefreshPlugins (0ms)
				BeforeProcessingInitializeOnLoad (156ms)
				ProcessInitializeOnLoadAttributes (952ms)
				ProcessInitializeOnLoadMethodAttributes (29ms)
				AfterProcessingInitializeOnLoad (1ms)
				EditorAssembliesLoaded (1ms)
			ExecutionOrderSort2 (0ms)
			AwakeInstancesAfterBackupRestoration (34ms)
Platform modules already initialized, skipping
Refreshing native plugins compatible for Editor in 0.22 ms, found 2 plugins.
Preloading 0 native plugins for Editor in 0.00 ms.
Unloading 1521 Unused Serialized files (Serialized files now loaded: 0)
System memory in use before: 169.6 MB.
System memory in use after: 169.7 MB.

Unloading 15 unused Assets to reduce memory usage. Loaded Objects now: 2017.
Total: 2.103125 ms (FindLiveObjects: 0.125625 ms CreateObjectMapping: 0.028708 ms MarkObjects: 1.925042 ms  DeleteObjects: 0.022834 ms)

AssetImportParameters requested are different than current active one (requested -> active):
  custom:video-decoder-ogg-theora: a1e56fd34408186e4bbccfd4996cb3dc -> 
  custom:container-muxer-webm: aa71ff27fc2769a1b78a27578f13a17b -> 
  custom:container-demuxer-webm: 4f35f7cbe854078d1ac9338744f61a02 -> 
  custom:container-demuxer-ogg: 62fdf1f143b41e24485cea50d1cbac27 -> 
  custom:video-encoder-webm-vp8: eb34c28f22e8b96e1ab97ce403110664 -> 
  custom:framework-osx-AVFoundation: e770b220cccbd017edd2c1fefb359320 -> 
  custom:video-decoder-webm-vp8: 9c59270c3fd7afecdb556c50c9e8de78 -> 
  custom:audio-decoder-ogg-vorbis: bf7c407c2cedff20999df2af8eb42d56 -> 
  custom:audio-encoder-webm-vorbis: bf7c407c2cedff20999df2af8eb42d56 -> 
